<?xml version="1.0" encoding="UTF-8"?>
<!-- Generated by org.testng.reporters.JUnitReportReporter -->
<testsuite hostname="Shri-PC" failures="0" tests="4" name="TestChrome" time="16.806" errors="0" timestamp="25 Jun 2020 14:12:24 GMT" skipped="0">
  <testcase classname="TestChrome" name="Fbook" time="16.790"/>
  <testcase classname="TestChrome" name="Fbook2" time="0.006"/>
  <testcase classname="TestChrome" name="Fbook3" time="0.005"/>
  <testcase classname="TestChrome" name="Fbook1" time="0.005"/>
</testsuite> <!-- TestChrome -->
